This is pdfTeX, Version 3.1415926-2.5-1.40.14 (TeX Live 2013/Debian) (format=pdflatex 2016.3.24)  28 APR 2016 18:50
entering extended mode
 restricted \write18 enabled.
 %&-line parsing enabled.
**newfile1.tex
(./newfile1.tex
LaTeX2e <2011/06/27>
Babel <3.9h> and hyphenation patterns for 78 languages loaded.
(/usr/share/texlive/texmf-dist/tex/latex/base/article.cls
Document Class: article 2007/10/19 v1.4h Standard LaTeX document class
(/usr/share/texlive/texmf-dist/tex/latex/base/size10.clo
File: size10.clo 2007/10/19 v1.4h Standard LaTeX file (size option)
)
\c@part=\count79
\c@section=\count80
\c@subsection=\count81
\c@subsubsection=\count82
\c@paragraph=\count83
\c@subparagraph=\count84
\c@figure=\count85
\c@table=\count86
\abovecaptionskip=\skip41
\belowcaptionskip=\skip42
\bibindent=\dimen102
)
(/usr/share/texlive/texmf-dist/tex/latex/base/fontenc.sty
Package: fontenc 2005/09/27 v1.99g Standard LaTeX package

(/usr/share/texlive/texmf-dist/tex/latex/base/t1enc.def
File: t1enc.def 2005/09/27 v1.99g Standard LaTeX file
LaTeX Font Info:    Redeclaring font encoding T1 on input line 43.
))
(/usr/share/texlive/texmf-dist/tex/latex/base/inputenc.sty
Package: inputenc 2008/03/30 v1.1d Input encoding file
\inpenc@prehook=\toks14
\inpenc@posthook=\toks15

(/usr/share/texlive/texmf-dist/tex/latex/base/latin9.def
File: latin9.def 2008/03/30 v1.1d Input encoding file
))
(/usr/share/texlive/texmf-dist/tex/generic/babel/babel.sty
Package: babel 2013/12/03 3.9h The Babel package

(/usr/share/texlive/texmf-dist/tex/generic/babel-english/english.ldf
Language: english 2012/08/20 v3.3p English support from the babel system

(/usr/share/texlive/texmf-dist/tex/generic/babel/babel.def
File: babel.def 2013/12/03 3.9h Babel common definitions
\babel@savecnt=\count87
\U@D=\dimen103
)
\l@canadian = a dialect from \language\l@american 
\l@australian = a dialect from \language\l@british 
\l@newzealand = a dialect from \language\l@british 
)) (./newfile1.aux)
\openout1 = `newfile1.aux'.

LaTeX Font Info:    Checking defaults for OML/cmm/m/it on input line 7.
LaTeX Font Info:    ... okay on input line 7.
LaTeX Font Info:    Checking defaults for T1/cmr/m/n on input line 7.
LaTeX Font Info:    ... okay on input line 7.
LaTeX Font Info:    Checking defaults for OT1/cmr/m/n on input line 7.
LaTeX Font Info:    ... okay on input line 7.
LaTeX Font Info:    Checking defaults for OMS/cmsy/m/n on input line 7.
LaTeX Font Info:    ... okay on input line 7.
LaTeX Font Info:    Checking defaults for OMX/cmex/m/n on input line 7.
LaTeX Font Info:    ... okay on input line 7.
LaTeX Font Info:    Checking defaults for U/cmr/m/n on input line 7.
LaTeX Font Info:    ... okay on input line 7.
LaTeX Font Info:    External font `cmex10' loaded for size
(Font)              <7> on input line 8.
LaTeX Font Info:    External font `cmex10' loaded for size
(Font)              <5> on input line 8.

Overfull \hbox (85.74454pt too wide) detected at line 74
[] [] \OT1/cmr/m/n/10 + \OML/cmm/m/it/10 u[]\OT1/cmr/m/n/10 ([] [] \OML/cmm/m/i
t/10 h; z; ^^R; t\OT1/cmr/m/n/10 ) [] = 2([](\OML/cmm/m/it/10 r\OT1/cmr/m/n/10 
) + \OML/cmm/m/it/10 u[]\OT1/cmr/m/n/10 (\OML/cmm/m/it/10 h; z; ^^R; t\OT1/cmr/
m/n/10 ))
 []


Overfull \hbox (29.35895pt too wide) in alignment at lines 77--81
 [][][] []
 []

[1

{/var/lib/texmf/fonts/map/pdftex/updmap/pdftex.map}]
Overfull \hbox (21.15695pt too wide) detected at line 94
\OT1/cmr/m/n/10 +[] [] + [][] [] + [][] [] + \OML/cmm/m/it/10 u[] [] \OT1/cmr/m
/n/10 + \OML/cmm/m/it/10 u[] [] \OT1/cmr/m/n/10 = 2([](\OML/cmm/m/it/10 r\OT1/c
mr/m/n/10 ) + \OML/cmm/m/it/10 u[]\OT1/cmr/m/n/10 (\OML/cmm/m/it/10 h; z; ^^R; 
t\OT1/cmr/m/n/10 ))
 []


Overfull \hbox (13.10512pt too wide) detected at line 115
[] \OT1/cmr/m/n/10 + \OML/cmm/m/it/10 u[] [] \OT1/cmr/m/n/10 + [] [] + [][] [] 
+ \OML/cmm/m/it/10 u[] [] \OT1/cmr/m/n/10 + \OML/cmm/m/it/10 u[] [] \OT1/cmr/m/
n/10 = 2\OML/cmm/m/it/10 u[]\OT1/cmr/m/n/10 (\OML/cmm/m/it/10 h; z; ^^R; t\OT1/
cmr/m/n/10 )
 []

[2]
Overfull \hbox (116.77544pt too wide) in alignment at lines 171--173
 [][][] []
 []


Overfull \hbox (5.55598pt too wide) detected at line 178
[] \OT1/cmr/m/n/10 + [][](\OML/cmm/m/it/10 r\OT1/cmr/m/n/10 ) [] + \OML/cmm/m/i
t/10 u[][] \OT1/cmr/m/n/10 + \OML/cmm/m/it/10 h[] [][] [] \OT1/cmr/m/n/10 = 2\O
ML/cmm/m/it/10 u[] \OT1/cmr/m/n/10 + 2\OML/cmm/m/it/10 h[] [][]
 []


Overfull \hbox (21.9449pt too wide) detected at line 183
[] \OT1/cmr/m/n/10 + [][](\OML/cmm/m/it/10 r\OT1/cmr/m/n/10 ) [] + \OML/cmm/m/i
t/10 u[][] \OT1/cmr/m/n/10 + [] [] = 2\OML/cmm/m/it/10 u[] \OT1/cmr/m/n/10 + 2 
[]
 []

[3] [4] (./newfile1.aux) ) 
Here is how much of TeX's memory you used:
 839 strings out of 493304
 9323 string characters out of 6139871
 76607 words of memory out of 5000000
 4359 multiletter control sequences out of 15000+600000
 5089 words of font info for 16 fonts, out of 8000000 for 9000
 957 hyphenation exceptions out of 8191
 24i,11n,23p,407b,127s stack positions out of 5000i,500n,10000p,200000b,80000s
{/usr/share/texmf/fonts/enc/dvips/cm-super/cm-super-t
1.enc}</usr/share/texlive/texmf-dist/fonts/type1/public/amsfonts/cm/cmex10.pfb>
</usr/share/texlive/texmf-dist/fonts/type1/public/amsfonts/cm/cmmi10.pfb></usr/
share/texlive/texmf-dist/fonts/type1/public/amsfonts/cm/cmmi7.pfb></usr/share/t
exlive/texmf-dist/fonts/type1/public/amsfonts/cm/cmr10.pfb></usr/share/texlive/
texmf-dist/fonts/type1/public/amsfonts/cm/cmr7.pfb></usr/share/texlive/texmf-di
st/fonts/type1/public/amsfonts/cm/cmsy10.pfb></usr/share/texlive/texmf-dist/fon
ts/type1/public/amsfonts/cm/cmsy5.pfb></usr/share/texlive/texmf-dist/fonts/type
1/public/amsfonts/cm/cmsy7.pfb></usr/share/texmf/fonts/type1/public/cm-super/sf
rm1000.pfb></usr/share/texmf/fonts/type1/public/cm-super/sfti1000.pfb>
Output written on newfile1.pdf (4 pages, 119086 bytes).
PDF statistics:
 58 PDF objects out of 1000 (max. 8388607)
 41 compressed objects within 1 object stream
 0 named destinations out of 1000 (max. 500000)
 1 words of extra memory for PDF output out of 10000 (max. 10000000)

